Grammar

    0 $accept: program $end

    1 program: IDENTIFIER NUMBER IDENTIFIER NUMBER


Terminals, with rules where they appear

    $end (0) 0
    error (256)
    IDENTIFIER (258) 1
    NUMBER (259) 1


Nonterminals, with rules where they appear

    $accept (5)
        on left: 0
    program (6)
        on left: 1
        on right: 0


State 0

    0 $accept: • program $end

    IDENTIFIER  shift, and go to state 1

    program  go to state 2


State 1

    1 program: IDENTIFIER • NUMBER IDENTIFIER NUMBER

    NUMBER  shift, and go to state 3


State 2

    0 $accept: program • $end

    $end  shift, and go to state 4


State 3

    1 program: IDENTIFIER NUMBER • IDENTIFIER NUMBER

    IDENTIFIER  shift, and go to state 5


State 4

    0 $accept: program $end •

    $default  accept


State 5

    1 program: IDENTIFIER NUMBER IDENTIFIER • NUMBER

    NUMBER  shift, and go to state 6


State 6

    1 program: IDENTIFIER NUMBER IDENTIFIER NUMBER •

    $default  reduce using rule 1 (program)
